The system is: Windows - 10.0.22000 - AMD64
Compiling the C compiler identification source file "CMakeCCompilerId.c" succeeded.
Compiler: C:/Program Files (x86)/Microsoft Visual Studio/2022/BuildTools/VC/Tools/MSVC/14.32.31326/bin/Hostx86/x86/cl.exe 
Build flags: 
Id flags:  

The output was:
0
Microsoft (R) C/C++ Optimizing Compiler Version 19.32.31329 for x86
Copyright (C) Microsoft Corporation.  All rights reserved.

CMakeCCompilerId.c
Microsoft (R) Incremental Linker Version 14.32.31329.0
Copyright (C) Microsoft Corporation.  All rights reserved.

/out:CMakeCCompilerId.exe 
CMakeCCompilerId.obj 


Compilation of the C compiler identification source "CMakeCCompilerId.c" produced "CMakeCCompilerId.exe"

Compilation of the C compiler identification source "CMakeCCompilerId.c" produced "CMakeCCompilerId.obj"

The C compiler identification is MSVC, found in "C:/Users/user/CLionProjects/RatuvMivne1/ex1/cmake-build-debug/CMakeFiles/3.24.2/CompilerIdC/CMakeCCompilerId.exe"

Compiling the CXX compiler identification source file "CMakeCXXCompilerId.cpp" succeeded.
Compiler: C:/Program Files (x86)/Microsoft Visual Studio/2022/BuildTools/VC/Tools/MSVC/14.32.31326/bin/Hostx86/x86/cl.exe 
Build flags: 
Id flags:  

The output was:
0
Microsoft (R) C/C++ Optimizing Compiler Version 19.32.31329 for x86
Copyright (C) Microsoft Corporation.  All rights reserved.

CMakeCXXCompilerId.cpp
Microsoft (R) Incremental Linker Version 14.32.31329.0
Copyright (C) Microsoft Corporation.  All rights reserved.

/out:CMakeCXXCompilerId.exe 
CMakeCXXCompilerId.obj 


Compilation of the CXX compiler identification source "CMakeCXXCompilerId.cpp" produced "CMakeCXXCompilerId.exe"

Compilation of the CXX compiler identification source "CMakeCXXCompilerId.cpp" produced "CMakeCXXCompilerId.obj"

The CXX compiler identification is MSVC, found in "C:/Users/user/CLionProjects/RatuvMivne1/ex1/cmake-build-debug/CMakeFiles/3.24.2/CompilerIdCXX/CMakeCXXCompilerId.exe"

Detecting C compiler ABI info compiled with the following output:
Change Dir: C:/Users/user/CLionProjects/RatuvMivne1/ex1/cmake-build-debug/CMakeFiles/CMakeTmp

Run Build Command(s):nmake -f Makefile /nologo cmTC_e99ec\fast && 	"C:\Program Files (x86)\Microsoft Visual Studio\2022\BuildTools\VC\Tools\MSVC\14.32.31326\bin\HostX86\x86\nmake.exe"  -f CMakeFiles\cmTC_e99ec.dir\build.make /nologo -L                  CMakeFiles\cmTC_e99ec.dir\build
Building C object CMakeFiles/cmTC_e99ec.dir/CMakeCCompilerABI.c.obj
	"C:\Program Files\JetBrains\CLion 2021.2.2\bin\cmake\win\bin\cmake.exe" -E cmake_cl_compile_depends --dep-file=CMakeFiles\cmTC_e99ec.dir\CMakeCCompilerABI.c.obj.d --working-dir=C:\Users\user\CLionProjects\RatuvMivne1\ex1\cmake-build-debug\CMakeFiles\CMakeTmp --filter-prefix="Note: including file: " -- C:\PROGRA~2\MICROS~2\2022\BUILDT~1\VC\Tools\MSVC\1432~1.313\bin\Hostx86\x86\cl.exe @C:\Users\user\AppData\Local\Temp\nm6E79.tmp
CMakeCCompilerABI.c
Linking C executable cmTC_e99ec.exe
	"C:\Program Files\JetBrains\CLion 2021.2.2\bin\cmake\win\bin\cmake.exe" -E vs_link_exe --intdir=CMakeFiles\cmTC_e99ec.dir --rc=C:\PROGRA~2\WI3CF2~1\10\bin\100190~1.0\x86\rc.exe --mt=C:\PROGRA~2\WI3CF2~1\10\bin\100190~1.0\x86\mt.exe --manifests -- C:\PROGRA~2\MICROS~2\2022\BUILDT~1\VC\Tools\MSVC\1432~1.313\bin\Hostx86\x86\link.exe /nologo @CMakeFiles\cmTC_e99ec.dir\objects1.rsp @C:\Users\user\AppData\Local\Temp\nm6FE1.tmp



Detecting CXX compiler ABI info compiled with the following output:
Change Dir: C:/Users/user/CLionProjects/RatuvMivne1/ex1/cmake-build-debug/CMakeFiles/CMakeTmp

Run Build Command(s):nmake -f Makefile /nologo cmTC_ba919\fast && 	"C:\Program Files (x86)\Microsoft Visual Studio\2022\BuildTools\VC\Tools\MSVC\14.32.31326\bin\HostX86\x86\nmake.exe"  -f CMakeFiles\cmTC_ba919.dir\build.make /nologo -L                  CMakeFiles\cmTC_ba919.dir\build
Building CXX object CMakeFiles/cmTC_ba919.dir/CMakeCXXCompilerABI.cpp.obj
	"C:\Program Files\JetBrains\CLion 2021.2.2\bin\cmake\win\bin\cmake.exe" -E cmake_cl_compile_depends --dep-file=CMakeFiles\cmTC_ba919.dir\CMakeCXXCompilerABI.cpp.obj.d --working-dir=C:\Users\user\CLionProjects\RatuvMivne1\ex1\cmake-build-debug\CMakeFiles\CMakeTmp --filter-prefix="Note: including file: " -- C:\PROGRA~2\MICROS~2\2022\BUILDT~1\VC\Tools\MSVC\1432~1.313\bin\Hostx86\x86\cl.exe @C:\Users\user\AppData\Local\Temp\nm72FD.tmp
CMakeCXXCompilerABI.cpp
Linking CXX executable cmTC_ba919.exe
	"C:\Program Files\JetBrains\CLion 2021.2.2\bin\cmake\win\bin\cmake.exe" -E vs_link_exe --intdir=CMakeFiles\cmTC_ba919.dir --rc=C:\PROGRA~2\WI3CF2~1\10\bin\100190~1.0\x86\rc.exe --mt=C:\PROGRA~2\WI3CF2~1\10\bin\100190~1.0\x86\mt.exe --manifests -- C:\PROGRA~2\MICROS~2\2022\BUILDT~1\VC\Tools\MSVC\1432~1.313\bin\Hostx86\x86\link.exe /nologo @CMakeFiles\cmTC_ba919.dir\objects1.rsp @C:\Users\user\AppData\Local\Temp\nm736B.tmp



